<soap:Header>
    <Auth xmlns="Token">Key:cwBlAG0AYQA6AEgAdQBhAG0ASgB4AHkAUABqADIAcAAwAGEATwBXAFIAdABOAFAAMQBNAHcAPQA9AA==</Auth>
</soap:Header><soap:Body>
<CreateUser xmlns="http://novonordisk-us.com/PlatformService/v2"
            xmlns:ns2="http://schemas.datacontract.org/2004/07/Novo.Entities" xmlns:ns3="http://tempuri.org/"
            xmlns:ns4="http://schemas.microsoft.com/2003/10/Serialization/"
            xmlns:ns5="http://schemas.datacontract.org/2004/07/System.ServiceModel"
            xmlns:ns6="http://schemas.microsoft.com/2003/10/Serialization/Arrays"
            xmlns:ns7="http://schemas.datacontract.org/2004/07/System"
            xmlns:ns8="http://schemas.datacontract.org/2004/07/Novo.Platform.Data.Models">
    <request>
        <ns2:ProductRequests xmlns:xsi="http://www.w3.org/2001/XMLSchema-instance" xsi:nil="true"/>
        <ns2:UserProfile>
            <ns2:ActivityCode>000840161</ns2:ActivityCode>
            <ns2:Address1>185 Mercer Street</ns2:Address1>
            <ns2:Address2></ns2:Address2>
            <ns2:BirthDate>1974-01-01T00:00:00.000</ns2:BirthDate>
            <ns2:City>BOGOTA</ns2:City>
            <ns2:EmailAddress>Gerald11142017@test.com</ns2:EmailAddress>
            <ns2:FirstName>Gerald</ns2:FirstName>
            <ns2:GuardianEmail xmlns:xsi="http://www.w3.org/2001/XMLSchema-instance" xsi:nil="true"/>
            <ns2:GuardianFirstName xmlns:xsi="http://www.w3.org/2001/XMLSchema-instance" xsi:nil="true"/>
            <ns2:GuardianLastName xmlns:xsi="http://www.w3.org/2001/XMLSchema-instance" xsi:nil="true"/>
            <ns2:GuardianPermission>false</ns2:GuardianPermission>
            <ns2:IndividualPreferences>
                <ns2:IndividualPreferences>
                    <ns2:TagId>nni:medication/type2/MEDTYPE/TRULICITY/TIMEOT_6M</ns2:TagId>
                    <ns2:Type>BrandPreferences</ns2:Type>
                </ns2:IndividualPreferences>
            </ns2:IndividualPreferences>
            <ns2:IsCaregiver>false</ns2:IsCaregiver>
            <ns2:IsParent>false</ns2:IsParent>
            <ns2:Language>en</ns2:Language>
            <ns2:LastName>Anderson</ns2:LastName>
            <ns2:MiddleName xmlns:xsi="http://www.w3.org/2001/XMLSchema-instance" xsi:nil="true"/>
            <ns2:MobilePhone>
                <ns2:PhoneNumber xmlns:xsi="http://www.w3.org/2001/XMLSchema-instance" xsi:nil="true"/>
                <ns2:SMSTextOptInPreference>
                    <ns2:OptIn>false</ns2:OptIn>
                    <ns2:OptInDate>2017-11-13T23:40:26.927-06:00</ns2:OptInDate>
                    <ns2:Version>2</ns2:Version>
                </ns2:SMSTextOptInPreference>
                <ns2:VoiceOptInPreference>
                    <ns2:OptIn>false</ns2:OptIn>
                    <ns2:OptInDate>2017-11-13T23:40:26.927-06:00</ns2:OptInDate>
                    <ns2:Version>2</ns2:Version>
                </ns2:VoiceOptInPreference>
            </ns2:MobilePhone>
            <ns2:Password>Gerald!232</ns2:Password>
            <ns2:PatientBirthDate>0001-01-01T00:00:00.000</ns2:PatientBirthDate>
            <ns2:PatientFirstName xmlns:xsi="http://www.w3.org/2001/XMLSchema-instance" xsi:nil="true"/>
            <ns2:PatientLastName xmlns:xsi="http://www.w3.org/2001/XMLSchema-instance" xsi:nil="true"/>
            <ns2:PatientMiddleName xmlns:xsi="http://www.w3.org/2001/XMLSchema-instance" xsi:nil="true"/>
            <ns2:PrimaryPhone>
                <ns2:PhoneNumber>2012061907</ns2:PhoneNumber>
                <ns2:SMSTextOptInPreference>
                    <ns2:OptIn>false</ns2:OptIn>
                    <ns2:OptInDate>2017-11-13T23:40:26.927-06:00</ns2:OptInDate>
                    <ns2:Version>2</ns2:Version>
                </ns2:SMSTextOptInPreference>
                <ns2:VoiceOptInPreference>
                    <ns2:OptIn>false</ns2:OptIn>
                    <ns2:OptInDate>2017-11-13T23:40:26.927-06:00</ns2:OptInDate>
                    <ns2:Version>2</ns2:Version>
                </ns2:VoiceOptInPreference>
            </ns2:PrimaryPhone>
            <ns2:RegistrationSource>SEMA</ns2:RegistrationSource>
            <ns2:SecurityAnswer>Gerald</ns2:SecurityAnswer>
            <ns2:SecurityQuestionId>childhoodNickName</ns2:SecurityQuestionId>
            <ns2:State>NJ</ns2:State>
            <ns2:SuperPalActivationCode xmlns:xsi="http://www.w3.org/2001/XMLSchema-instance" xsi:nil="true"/>
            <ns2:TermsAndConditionsOptIn>
                <ns2:OptIn>true</ns2:OptIn>
                <ns2:OptInDate>2017-11-13T23:40:26.927-06:00</ns2:OptInDate>
                <ns2:Version>2</ns2:Version>
            </ns2:TermsAndConditionsOptIn>
            <ns2:TypeOfDiabetes>TYPE2</ns2:TypeOfDiabetes>
            <ns2:UserEmail>Gerald11142017@test.com</ns2:UserEmail>
            <ns2:WebKeyId xmlns:xsi="http://www.w3.org/2001/XMLSchema-instance" xsi:nil="true"/>
            <ns2:YearDiagnosed xmlns:xsi="http://www.w3.org/2001/XMLSchema-instance" xsi:nil="true"/>
            <ns2:ZipCode>20138</ns2:ZipCode>
        </ns2:UserProfile>
    </request>
</CreateUser>
</soap:Body></soap:Envelope> --------------------------------------
        13.11.2017 23:40:29.799 *INFO* [10.39.68.43 [1510638026922] POST /content/ozempic/en/sign-up-for-supportQues.registerSite.html HTTP/1.1] org.apache.cxf.servicesdiabetes.PlatformServiceV2Service.PlatformService.V2Port.PlatformService.V2 Inbound Message ---------------------------- ID: 135 Response-Code: 200 Encoding: UTF-8 Content-Type: text/xml; charset=utf-8 Headers: {Content-Length=[1332], content-type=[text/xml; charset=utf-8], Date=[Tue, 14 Nov 2017 05:40:29 GMT], Server=[Microsoft-IIS/8.5], X-Powered-By=[ASP.NET]}{Content-Length=[1332], content-type=[text/xml; charset=utf-8], Date=[Tue, 14 Nov 2017 05:40:29 GMT], Server=[Microsoft-IIS/8.5], X-Powered-By=[ASP.NET]} Payload: <s:Envelope
xmlns:s="http://schemas.xmlsoap.org/soap/envelope/">
<s:Header>
    <Token xmlns="NovoSSO">
        gAAAAJVflB-7MT5fZSCDyx6gInVX5DIy6-7d377RYtDL35kkdYsSHN3Shpm7pPUnXmuTUfdy07zx5weSj8EXYNUXJLLj5Z5Lhx2We44tqMpDw2uw_6ACmNp3A3PBy26gkQAwYfkF7CWZYfk2kZjjg2NdnF3dtWV8KkZl3f2j0I6JVKk15AAAAIAAAAACROcuOR8y357LMVCAqG6BpgsySSbSbMQUsT50cI3T3Zo8RB8WHJN0wZIagbtA4KWePPZzt3AkXxj_rQQXgpzZ_-rgyFj8qd-Ru5Mx3N24GxZnhXQ94C2R3rKhcdN2trbNh8-5LwwqvtKC1e5NGvfprJyw7YCq7gyxkTAfVuP5vU83lZyTLajuiFuvBvTxzteGkno4NGVufPm-lUAh2u33GRoQ4FSyNso_9yJ2zJKYSRowMXni75bKgxmpmVdYF3p93UK0bhvxSbXrTW4f-uqssd_cZnO4VjAjJG-Hxhxxyg
    </Token>
</s:Header>
<s:Body>
    <CreateUserResponse xmlns="http://novonordisk-us.com/PlatformService/v2">
        <CreateUserResult xmlns:a="http://schemas.datacontract.org/2004/07/Novo.Entities"
                          xmlns:i="http://www.w3.org/2001/XMLSchema-instance">
            <a:ResponseMessages xmlns:b="http://tempuri.org/"/>
            <a:Success>true</a:Success>
            <a:ProductAllocationResponses xmlns:b="http://tempuri.org/"/>
            <a:User>
                <a:FirstName>Gerald</a:FirstName>
                <a:LastName>Anderson</a:LastName>
                <a:LastUpdatedDate>0001-01-01T00:00:00</a:LastUpdatedDate>
                <a:MckessonResponse/>
                <a:MiddleName i:nil="true"/>
                <a:SecurityQuestionId>1</a:SecurityQuestionId>
                <a:UserEmail>Gerald11142017@test.com</a:UserEmail>
                <a:UserId>1012598</a:UserId>
            </a:User>
        </CreateUserResult>
    </CreateUserResponse>
</s:Body>
</s:Envelope>